<?xml version="1.0" encoding="UTF-8"?>
<!-- Generated by org.testng.reporters.JUnitReportReporter -->
<testsuite skipped="0" hostname="CV-SW2149" name="ps.orderSummary.api.tests.PS_orderSummary" tests="1" failures="0" timestamp="2023-05-12T11:36:51 IST" time="4.832" errors="0">
  <testcase name="validateOrdDiscAndfreeDelivery" time="4.832" classname="ps.orderSummary.api.tests.PS_orderSummary"/>
</testsuite> <!-- ps.orderSummary.api.tests.PS_orderSummary -->
